2005.08.18 13:07 A F:\SDSU SUN WEB PROJECTS\DEVELWebApps\Facilities\documentpickupservice_files\global_style.css --> lfolkstest.sdsu.edu /home/www/lfolkstest/htdocs/DEVapps/facilities/documentpickupservice_files global_style.css
2005.08.18 13:07 A F:\SDSU SUN WEB PROJECTS\DEVELWebApps\Facilities\documentpickupservice_files\S_step1of3.gif --> lfolkstest.sdsu.edu /home/www/lfolkstest/htdocs/DEVapps/facilities/documentpickupservice_files S_step1of3.gif
2005.08.18 13:07 A F:\SDSU SUN WEB PROJECTS\DEVELWebApps\Facilities\documentpickupservice_files\space.gif --> lfolkstest.sdsu.edu /home/www/lfolkstest/htdocs/DEVapps/facilities/documentpickupservice_files space.gif
2005.08.18 13:07 A F:\SDSU SUN WEB PROJECTS\DEVELWebApps\Facilities\documentpickupservice_files\S_stretchimg_servreq.gif --> lfolkstest.sdsu.edu /home/www/lfolkstest/htdocs/DEVapps/facilities/documentpickupservice_files S_stretchimg_servreq.gif
2005.08.18 13:07 A F:\SDSU SUN WEB PROJECTS\DEVELWebApps\Facilities\documentpickupservice_files\S_questionmark.gif --> lfolkstest.sdsu.edu /home/www/lfolkstest/htdocs/DEVapps/facilities/documentpickupservice_files S_questionmark.gif
2005.08.18 13:07 A F:\SDSU SUN WEB PROJECTS\DEVELWebApps\Facilities\documentpickupservice_files\S_img_servreq.gif --> lfolkstest.sdsu.edu /home/www/lfolkstest/htdocs/DEVapps/facilities/documentpickupservice_files S_img_servreq.gif
2005.08.18 13:07 A F:\SDSU SUN WEB PROJECTS\DEVELWebApps\Facilities\documentpickupservice_files\S_headerbg_servreq.gif --> lfolkstest.sdsu.edu /home/www/lfolkstest/htdocs/DEVapps/facilities/documentpickupservice_files S_headerbg_servreq.gif
2005.08.18 13:07 A F:\SDSU SUN WEB PROJECTS\DEVELWebApps\Facilities\documentpickupservice_files\S_header_servreq.gif --> lfolkstest.sdsu.edu /home/www/lfolkstest/htdocs/DEVapps/facilities/documentpickupservice_files S_header_servreq.gif
2005.08.18 13:07 A F:\SDSU SUN WEB PROJECTS\DEVELWebApps\Facilities\documentpickupservice_files\S_columnimg_servicereq.gif --> lfolkstest.sdsu.edu /home/www/lfolkstest/htdocs/DEVapps/facilities/documentpickupservice_files S_columnimg_servicereq.gif
2005.08.18 13:07 A F:\SDSU SUN WEB PROJECTS\DEVELWebApps\Facilities\documentpickupservice_files\print_css_level2.js --> lfolkstest.sdsu.edu /home/www/lfolkstest/htdocs/DEVapps/facilities/documentpickupservice_files print_css_level2.js
2005.08.18 13:07 A F:\SDSU SUN WEB PROJECTS\DEVELWebApps\Facilities\documentpickupservice_files\HNO_servicereq.gif --> lfolkstest.sdsu.edu /home/www/lfolkstest/htdocs/DEVapps/facilities/documentpickupservice_files HNO_servicereq.gif
2005.08.18 13:07 A F:\SDSU SUN WEB PROJECTS\DEVELWebApps\Facilities\documentpickupservice_files\HN_home.gif --> lfolkstest.sdsu.edu /home/www/lfolkstest/htdocs/DEVapps/facilities/documentpickupservice_files HN_home.gif
2005.08.18 13:07 A F:\SDSU SUN WEB PROJECTS\DEVELWebApps\Facilities\documentpickupservice_files\HN_estimatesconsult.gif --> lfolkstest.sdsu.edu /home/www/lfolkstest/htdocs/DEVapps/facilities/documentpickupservice_files HN_estimatesconsult.gif
2005.08.18 13:07 A F:\SDSU SUN WEB PROJECTS\DEVELWebApps\Facilities\documentpickupservice_files\HN_emergencies.gif --> lfolkstest.sdsu.edu /home/www/lfolkstest/htdocs/DEVapps/facilities/documentpickupservice_files HN_emergencies.gif
2005.08.18 13:07 A F:\SDSU SUN WEB PROJECTS\DEVELWebApps\Facilities\documentpickupservice_files\HN_contact.gif --> lfolkstest.sdsu.edu /home/www/lfolkstest/htdocs/DEVapps/facilities/documentpickupservice_files HN_contact.gif
2005.08.18 13:07 A F:\SDSU SUN WEB PROJECTS\DEVELWebApps\Facilities\documentpickupservice_files\HN_about.gif --> lfolkstest.sdsu.edu /home/www/lfolkstest/htdocs/DEVapps/facilities/documentpickupservice_files HN_about.gif
2005.08.18 13:07 A F:\SDSU SUN WEB PROJECTS\DEVELWebApps\Facilities\documentpickupservice_files\H_searchbutton.gif --> lfolkstest.sdsu.edu /home/www/lfolkstest/htdocs/DEVapps/facilities/documentpickupservice_files H_searchbutton.gif
2005.08.18 13:07 A F:\SDSU SUN WEB PROJECTS\DEVELWebApps\Facilities\documentpickupservice_files\H_logotext.gif --> lfolkstest.sdsu.edu /home/www/lfolkstest/htdocs/DEVapps/facilities/documentpickupservice_files H_logotext.gif
2005.08.18 13:07 A F:\SDSU SUN WEB PROJECTS\DEVELWebApps\Facilities\documentpickupservice_files\H_logo.gif --> lfolkstest.sdsu.edu /home/www/lfolkstest/htdocs/DEVapps/facilities/documentpickupservice_files H_logo.gif
2005.08.18 13:07 A F:\SDSU SUN WEB PROJECTS\DEVELWebApps\Facilities\documentpickupservice_files\H_gradient.gif --> lfolkstest.sdsu.edu /home/www/lfolkstest/htdocs/DEVapps/facilities/documentpickupservice_files H_gradient.gif
2005.08.18 13:07 A F:\SDSU SUN WEB PROJECTS\DEVELWebApps\Facilities\documentpickupservice_files\global_functions_level2.js --> lfolkstest.sdsu.edu /home/www/lfolkstest/htdocs/DEVapps/facilities/documentpickupservice_files global_functions_level2.js
2005.08.18 13:07 A F:\SDSU SUN WEB PROJECTS\DEVELWebApps\Facilities\documentpickupservice_files\global_functions.js --> lfolkstest.sdsu.edu /home/www/lfolkstest/htdocs/DEVapps/facilities/documentpickupservice_files global_functions.js
2005.08.18 13:07 A F:\SDSU SUN WEB PROJECTS\DEVELWebApps\Facilities\documentpickupservice_files\formcheck.js --> lfolkstest.sdsu.edu /home/www/lfolkstest/htdocs/DEVapps/facilities/documentpickupservice_files formcheck.js
