2005.09.15 14:31 A F:\SDSU SUN WEB PROJECTS\DEVELWebApps\forms\Application.cfm --> lfolkstest.sdsu.edu /home/www/lfolkstest/htdocs/DEVapps/forms Application.cfm
2005.10.06 14:25 A F:\SDSU SUN WEB PROJECTS\DEVELWebApps\forms\index.cfm <-- LFOLKS /home/www/lfolkstest/htdocs/DEVapps/forms index.cfm
2005.10.06 14:28 A F:\SDSU SUN WEB PROJECTS\DEVELWebApps\forms\index.cfm --> lfolks.sdsu.edu /home/www/lfolkstest/htdocs/DEVapps/forms index.cfm
2005.10.28 16:12 A F:\SDSU SUN WEB PROJECTS\DEVELWebApps\forms\index.cfm --> lfolkstest.sdsu.edu /home/www/lfolkstest/htdocs/DEVapps/forms index.cfm
2005.10.28 16:16 A F:\SDSU SUN WEB PROJECTS\DEVELWebApps\forms\index.cfm --> lfolkstest.sdsu.edu /home/www/lfolkstest/htdocs/DEVapps/forms index.cfm
2005.10.28 16:27 A F:\SDSU SUN WEB PROJECTS\DEVELWebApps\forms\index.cfm --> lfolkstest.sdsu.edu /home/www/lfolkstest/htdocs/DEVapps/forms index.cfm
2005.10.28 16:28 A F:\SDSU SUN WEB PROJECTS\DEVELWebApps\forms\index.cfm --> lfolkstest.sdsu.edu /home/www/lfolkstest/htdocs/DEVapps/forms index.cfm
2005.10.28 18:05 A F:\SDSU SUN WEB PROJECTS\DEVELWebApps\forms\index.cfm --> lfolkstest.sdsu.edu /home/www/lfolkstest/htdocs/DEVapps/forms index.cfm
2005.10.28 19:45 A F:\SDSU SUN WEB PROJECTS\DEVELWebApps\forms\index.cfm --> lfolkstest.sdsu.edu /home/www/lfolkstest/htdocs/DEVapps/forms index.cfm
2005.10.28 19:47 A F:\SDSU SUN WEB PROJECTS\DEVELWebApps\forms\index.cfm --> lfolkstest.sdsu.edu /home/www/lfolkstest/htdocs/DEVapps/forms index.cfm
2005.10.28 19:47 A F:\SDSU SUN WEB PROJECTS\DEVELWebApps\forms\index.cfm --> lfolkstest.sdsu.edu /home/www/lfolkstest/htdocs/DEVapps/forms index.cfm
2005.10.28 19:48 A F:\SDSU SUN WEB PROJECTS\DEVELWebApps\forms\index.cfm --> lfolkstest.sdsu.edu /home/www/lfolkstest/htdocs/DEVapps/forms index.cfm
2005.10.28 19:49 A F:\SDSU SUN WEB PROJECTS\DEVELWebApps\forms\index.cfm --> lfolkstest.sdsu.edu /home/www/lfolkstest/htdocs/DEVapps/forms index.cfm
2005.10.28 19:51 A F:\SDSU SUN WEB PROJECTS\DEVELWebApps\forms\index.cfm --> lfolkstest.sdsu.edu /home/www/lfolkstest/htdocs/DEVapps/forms index.cfm
2005.10.28 19:52 A F:\SDSU SUN WEB PROJECTS\DEVELWebApps\forms\index.cfm --> lfolkstest.sdsu.edu /home/www/lfolkstest/htdocs/DEVapps/forms index.cfm
2005.11.03 16:18 A F:\SDSU SUN WEB PROJECTS\DEVELWebApps\forms\index.cfm --> lfolkstest.sdsu.edu /home/www/lfolkstest/htdocs/DEVapps/forms index.cfm
2005.11.14 12:07 A N:\SDSU Library Web Apps\DEVELWebApps\forms\index.cfm <-- LFOLKSTEST /home/www/lfolkstest/htdocs/DEVapps/forms index.cfm
2006.04.10 17:16 A F:\SDSU Library Web Apps\DEVELWebApps\forms\index.cfm --> libint.sdsu.edu /home/www/lfolkstest/htdocs/DEVapps/forms index.cfm
2006.06.27 19:14 A F:\SDSU Library Web Apps\DEVELWebApps\forms\index.cfm --> lfolkstest.sdsu.edu /home/www/lfolkstest/htdocs/DEVapps/forms index.cfm
2006.06.27 19:19 A F:\SDSU Library Web Apps\DEVELWebApps\forms\index.cfm --> lfolkstest.sdsu.edu /home/www/lfolkstest/htdocs/DEVapps/forms index.cfm
2006.06.27 20:14 A F:\SDSU Library Web Apps\DEVELWebApps\forms\index.cfm --> lfolkstest.sdsu.edu /home/www/lfolkstest/htdocs/DEVapps/forms index.cfm
2006.06.30 15:13 A F:\SDSU Library Web Apps\DEVELWebApps\forms\index.cfm --> lfolkstest.sdsu.edu /home/www/lfolkstest/htdocs/DEVapps/forms index.cfm
2006.06.30 15:14 A F:\SDSU Library Web Apps\DEVELWebApps\forms\index.cfm --> lfolkstest.sdsu.edu /home/www/lfolkstest/htdocs/DEVapps/forms index.cfm
2006.06.30 15:16 A F:\SDSU Library Web Apps\DEVELWebApps\forms\index.cfm --> lfolkstest.sdsu.edu /home/www/lfolkstest/htdocs/DEVapps/forms index.cfm
2006.06.30 16:21 A F:\SDSU Library Web Apps\DEVELWebApps\forms\index.cfm --> lfolkstest.sdsu.edu /home/www/lfolkstest/htdocs/DEVapps/forms index.cfm
2006.06.30 16:24 A F:\SDSU Library Web Apps\DEVELWebApps\forms\index.cfm --> lfolkstest.sdsu.edu /home/www/lfolkstest/htdocs/DEVapps/forms index.cfm
2006.06.30 16:24 A F:\SDSU Library Web Apps\DEVELWebApps\forms\index.cfm --> lfolkstest.sdsu.edu /home/www/lfolkstest/htdocs/DEVapps/forms index.cfm
2006.06.30 16:37 A F:\SDSU Library Web Apps\DEVELWebApps\forms\index.cfm --> lfolkstest.sdsu.edu /home/www/lfolkstest/htdocs/DEVapps/forms index.cfm
2006.06.30 16:53 A F:\SDSU Library Web Apps\DEVELWebApps\forms\index.cfm --> lfolkstest.sdsu.edu /home/www/lfolkstest/htdocs/DEVapps/forms index.cfm
2006.07.14 18:01 A F:\SDSU Library Web Apps\DEVELWebApps\forms\index.cfm --> lfolkstest.sdsu.edu /home/www/lfolkstest/htdocs/DEVapps/forms index.cfm
2006.07.14 18:03 A F:\SDSU Library Web Apps\DEVELWebApps\forms\index.cfm --> lfolkstest.sdsu.edu /home/www/lfolkstest/htdocs/DEVapps/forms index.cfm
2006.07.14 18:08 A F:\SDSU Library Web Apps\DEVELWebApps\forms\index.cfm --> lfolkstest.sdsu.edu /home/www/lfolkstest/htdocs/DEVapps/forms index.cfm
2006.07.17 14:45 A F:\SDSU Library Web Apps\DEVELWebApps\forms\index.cfm <-- LFOLKSTEST /home/www/lfolkstest/htdocs/DEVapps/forms index.cfm
2006.07.25 12:24 A F:\SDSU Library Web Apps\DEVELWebApps\forms\index.cfm --> lfolkstest.sdsu.edu /home/www/lfolkstest/htdocs/DEVapps/forms index.cfm
2006.09.25 16:23 A F:\SDSU Library Web Apps\DEVELWebApps\forms\index.cfm <-- LFOLKSTEST /home/www/lfolkstest/htdocs/DEVapps/forms index.cfm
2006.09.25 17:08 A F:\SDSU Library Web Apps\DEVELWebApps\forms\index.cfm --> lfolkstest.sdsu.edu /home/www/lfolkstest/htdocs/DEVapps/forms index.cfm
2006.09.25 17:09 A F:\SDSU Library Web Apps\DEVELWebApps\forms\index.cfm --> lfolkstest.sdsu.edu /home/www/lfolkstest/htdocs/DEVapps/forms index.cfm
2006.09.25 17:10 A F:\SDSU Library Web Apps\DEVELWebApps\forms\index.cfm --> lfolkstest.sdsu.edu /home/www/lfolkstest/htdocs/DEVapps/forms index.cfm
2006.09.25 17:26 A F:\SDSU Library Web Apps\DEVELWebApps\forms\index.cfm --> lfolkstest.sdsu.edu /home/www/lfolkstest/htdocs/DEVapps/forms index.cfm
2006.12.13 17:02 A L:\ColdfusionSourceContentMgmt\DEVELWebApps\forms\index.cfm <-- LFOLKS /home/www/lfolks/htdocs/PRODapps/forms index.cfm
